[debug] [2022-09-20T19:58:12.433Z] ----------------------------------------------------------------------
[debug] [2022-09-20T19:58:12.434Z] Command:       /usr/local/bin/node /opt/homebrew/bin/firebase init functions
[debug] [2022-09-20T19:58:12.434Z] CLI Version:   11.9.0
[debug] [2022-09-20T19:58:12.434Z] Platform:      darwin
[debug] [2022-09-20T19:58:12.434Z] Node Version:  v16.4.0
[debug] [2022-09-20T19:58:12.434Z] Time:          Tue Sep 20 2022 15:58:12 GMT-0400 (Eastern Daylight Time)
[debug] [2022-09-20T19:58:12.435Z] ----------------------------------------------------------------------
[debug] 
[debug] [2022-09-20T19:58:12.463Z] > command requires scopes: ["email","openid","https://www.googleapis.com/auth/cloudplatformprojects.readonly","https://www.googleapis.com/auth/firebase","https://www.googleapis.com/auth/cloud-platform"]
[debug] [2022-09-20T19:58:12.463Z] > authorizing via signed-in user (bswain@bu.edu)
[info] 
     ######## #### ########  ######## ########     ###     ######  ########
     ##        ##  ##     ## ##       ##     ##  ##   ##  ##       ##
     ######    ##  ########  ######   ########  #########  ######  ######
     ##        ##  ##    ##  ##       ##     ## ##     ##       ## ##
     ##       #### ##     ## ######## ########  ##     ##  ######  ########

You're about to initialize a Firebase project in this directory:

  /Users/brandonswain/Library/CloudStorage/OneDrive-Personal/College/EC463/TwitterExpo

Before we get started, keep in mind:

  * You are initializing within an existing Firebase project directory

[info] 
=== Project Setup
[info] 
[info] First, let's associate this project directory with a Firebase project.
[info] You can create multiple project aliases by running firebase use --add, 
[info] but for now we'll just set up a default project.
[info] 
[debug] [2022-09-20T19:58:12.465Z] Using project from CLI flag: twitter-app-6e4ba
[debug] [2022-09-20T19:58:12.466Z] >>> [apiv2][query] GET https://firebase.googleapis.com/v1beta1/projects/twitter-app-6e4ba [none]
